Determining if the pthread_create exist failed with the following output:
Change Dir: /home/ahlab/AirTurtle/basic_funcionalities/feedback/build/CMakeFiles/CMakeTmp

Run Build Command:/usr/bin/make "cmTryCompileExec2082177409/fast"
/usr/bin/make -f CMakeFiles/cmTryCompileExec2082177409.dir/build.make CMakeFiles/cmTryCompileExec2082177409.dir/build
make[1]: Entering directory `/home/ahlab/AirTurtle/basic_funcionalities/feedback/build/CMakeFiles/CMakeTmp'
/usr/bin/cmake -E cmake_progress_report /home/ahlab/AirTurtle/basic_funcionalities/feedback/build/CMakeFiles/CMakeTmp/CMakeFiles 1
Building C object CMakeFiles/cmTryCompileExec2082177409.dir/CheckSymbolExists.c.o
/usr/bin/cc    -o CMakeFiles/cmTryCompileExec2082177409.dir/CheckSymbolExists.c.o   -c /home/ahlab/AirTurtle/basic_funcionalities/feedback/build/CMakeFiles/CMakeTmp/CheckSymbolExists.c
Linking C executable cmTryCompileExec2082177409
/usr/bin/cmake -E cmake_link_script CMakeFiles/cmTryCompileExec2082177409.dir/link.txt --verbose=1
/usr/bin/cc       CMakeFiles/cmTryCompileExec2082177409.dir/CheckSymbolExists.c.o  -o cmTryCompileExec2082177409 -rdynamic 
CMakeFiles/cmTryCompileExec2082177409.dir/CheckSymbolExists.c.o: In function `main':
CheckSymbolExists.c:(.text+0xa): undefined reference to `pthread_create'
collect2: error: ld returned 1 exit status
make[1]: *** [cmTryCompileExec2082177409] Error 1
make[1]: Leaving directory `/home/ahlab/AirTurtle/basic_funcionalities/feedback/build/CMakeFiles/CMakeTmp'
make: *** [cmTryCompileExec2082177409/fast] Error 2

File /home/ahlab/AirTurtle/basic_funcionalities/feedback/build/CMakeFiles/CMakeTmp/CheckSymbolExists.c:
/* */
#include <pthread.h>

int main(int argc, char** argv)
{
  (void)argv;
#ifndef pthread_create
  return ((int*)(&pthread_create))[argc];
#else
  (void)argc;
  return 0;
#endif
}

Determining if the function pthread_create exists in the pthreads failed with the following output:
Change Dir: /home/ahlab/AirTurtle/basic_funcionalities/feedback/build/CMakeFiles/CMakeTmp

Run Build Command:/usr/bin/make "cmTryCompileExec4002257985/fast"
/usr/bin/make -f CMakeFiles/cmTryCompileExec4002257985.dir/build.make CMakeFiles/cmTryCompileExec4002257985.dir/build
make[1]: Entering directory `/home/ahlab/AirTurtle/basic_funcionalities/feedback/build/CMakeFiles/CMakeTmp'
/usr/bin/cmake -E cmake_progress_report /home/ahlab/AirTurtle/basic_funcionalities/feedback/build/CMakeFiles/CMakeTmp/CMakeFiles 1
Building C object CMakeFiles/cmTryCompileExec4002257985.dir/CheckFunctionExists.c.o
/usr/bin/cc   -DCHECK_FUNCTION_EXISTS=pthread_create   -o CMakeFiles/cmTryCompileExec4002257985.dir/CheckFunctionExists.c.o   -c /usr/share/cmake-2.8/Modules/CheckFunctionExists.c
Linking C executable cmTryCompileExec4002257985
/usr/bin/cmake -E cmake_link_script CMakeFiles/cmTryCompileExec4002257985.dir/link.txt --verbose=1
/usr/bin/cc   -DCHECK_FUNCTION_EXISTS=pthread_create    CMakeFiles/cmTryCompileExec4002257985.dir/CheckFunctionExists.c.o  -o cmTryCompileExec4002257985 -rdynamic -lpthreads 
/usr/bin/ld: cannot find -lpthreads
collect2: error: ld returned 1 exit status
make[1]: *** [cmTryCompileExec4002257985] Error 1
make[1]: Leaving directory `/home/ahlab/AirTurtle/basic_funcionalities/feedback/build/CMakeFiles/CMakeTmp'
make: *** [cmTryCompileExec4002257985/fast] Error 2


